2022-10-28 06:58:31,990 INFO KervDigitalHomePage.class [main] Accept only essential cookies
2022-10-28 06:58:32,427 INFO KervDigitalHomePage.class [main] User Clicked On Careers Link
2022-10-28 06:58:33,465 INFO KervDigitalHomePage.class [main] User Clicked On Job Opportunities
2022-10-28 06:58:37,076 INFO KervDigitalHomePage.class [main] User Searches Vacanicies
2022-10-28 06:58:37,506 INFO KervDigitalHomePage.class [main] User Select the Job
2022-10-28 06:58:38,033 INFO KervDigitalHomePage.class [main] User Enter the Details
2022-10-28 06:58:40,354 INFO KervDigitalHomePage.class [main] User Accept the Policies
2022-10-28 06:58:40,451 INFO KervDigitalHomePage.class [main] User Submit the Application
2022-10-28 06:58:45,271 INFO KervDigitalHomePage.class [main] Application submission is successful..
2022-10-28 07:02:46,813 INFO KervDigitalHomePage.class [main] Accept only essential cookies
2022-10-28 07:02:47,157 INFO KervDigitalHomePage.class [main] User Clicked On Careers Link
2022-10-28 07:02:48,190 INFO KervDigitalHomePage.class [main] User Clicked On Job Opportunities
2022-10-28 07:02:49,613 INFO KervDigitalHomePage.class [main] User Searches Vacanicies
2022-10-28 07:02:50,079 INFO KervDigitalHomePage.class [main] User Select the Job
2022-10-28 07:02:50,577 INFO KervDigitalHomePage.class [main] User Enter the Details
2022-10-28 07:02:52,400 INFO KervDigitalHomePage.class [main] User Accept the Policies
2022-10-28 07:02:52,490 INFO KervDigitalHomePage.class [main] User Submit the Application
2022-10-28 07:02:55,043 INFO KervDigitalHomePage.class [main] Application submission is successful..
2022-10-28 07:24:31,215 INFO KervDigitalHomePage.class [main] Accept only essential cookies
2022-10-28 07:24:31,578 INFO KervDigitalHomePage.class [main] User Clicked On Careers Link
2022-10-28 07:24:32,632 INFO KervDigitalHomePage.class [main] User Clicked On Job Opportunities
2022-10-28 07:24:34,065 INFO KervDigitalHomePage.class [main] User Searches Vacanicies
2022-10-28 07:24:34,481 INFO KervDigitalHomePage.class [main] User Select the Job
2022-10-28 07:24:34,929 INFO KervDigitalHomePage.class [main] User Enter the Details
2022-10-28 07:24:37,608 INFO KervDigitalHomePage.class [main] User Accept the Policies
2022-10-28 07:50:42,023 INFO KervDigitalHomePage.class [main] Accept only essential cookies
2022-10-28 07:50:42,353 INFO KervDigitalHomePage.class [main] User Clicked On Careers Link
2022-10-28 07:50:43,400 INFO KervDigitalHomePage.class [main] User Clicked On Job Opportunities
2022-10-28 07:50:44,845 INFO KervDigitalHomePage.class [main] User Searches Vacanicies
2022-10-28 07:50:45,264 INFO KervDigitalHomePage.class [main] User Select the Job
2022-10-28 07:50:45,853 INFO KervDigitalHomePage.class [main] User Enter the Details
2022-10-28 07:50:47,561 INFO KervDigitalHomePage.class [main] User Accept the Policies
2022-10-28 08:05:46,104 INFO KervDigitalHomePage.class [main] Accept only essential cookies
2022-10-28 08:05:46,331 INFO KervDigitalHomePage.class [main] User Clicked On Careers Link
2022-10-28 08:05:47,337 INFO KervDigitalHomePage.class [main] User Clicked On Job Opportunities
2022-10-28 08:05:49,354 INFO KervDigitalHomePage.class [main] User Searches Vacanicies
2022-10-28 08:05:49,630 INFO KervDigitalHomePage.class [main] User Select the Job
2022-10-28 08:05:50,043 INFO KervDigitalHomePage.class [main] User Enter the Details
2022-10-28 08:05:54,749 INFO KervDigitalHomePage.class [main] User Accept the Policies
2022-10-28 08:27:08,797 INFO KervDigitalHomePage.class [main] Accept only essential cookies
2022-10-28 08:27:09,001 INFO KervDigitalHomePage.class [main] User Clicked On Careers Link
2022-10-28 08:27:10,015 INFO KervDigitalHomePage.class [main] User Clicked On Job Opportunities
2022-10-28 08:27:11,141 INFO KervDigitalHomePage.class [main] User Searches Vacanicies
2022-10-28 08:27:11,376 INFO KervDigitalHomePage.class [main] User Select the Job
2022-10-28 08:27:11,913 INFO KervDigitalHomePage.class [main] User Enter the Details
2022-10-28 08:27:13,517 INFO KervDigitalHomePage.class [main] User Accept the Policies
2022-10-28 08:40:10,126 INFO KervDigitalHomePage.class [main] Accept only essential cookies
2022-10-28 08:40:10,328 INFO KervDigitalHomePage.class [main] User Clicked On Careers Link
2022-10-28 08:40:11,341 INFO KervDigitalHomePage.class [main] User Clicked On Job Opportunities
2022-10-28 08:40:12,383 INFO KervDigitalHomePage.class [main] User Searches Vacanicies
2022-10-28 08:40:12,621 INFO KervDigitalHomePage.class [main] User Select the Job
2022-10-28 08:40:13,071 INFO KervDigitalHomePage.class [main] User Enter the Details
2022-10-28 08:40:17,057 INFO KervDigitalHomePage.class [main] User Accept the Policies
2022-10-28 08:46:51,683 INFO KervDigitalHomePage.class [main] Accept only essential cookies
2022-10-28 08:46:51,915 INFO KervDigitalHomePage.class [main] User Clicked On Careers Link
2022-10-28 08:46:52,952 INFO KervDigitalHomePage.class [main] User Clicked On Job Opportunities
2022-10-28 08:46:54,264 INFO KervDigitalHomePage.class [main] User Searches Vacanicies
2022-10-28 08:46:54,556 INFO KervDigitalHomePage.class [main] User Select the Job
2022-10-28 08:46:55,088 INFO KervDigitalHomePage.class [main] User Enter the Details
2022-10-28 08:46:56,418 INFO KervDigitalHomePage.class [main] User Accept the Policies
2022-10-28 08:46:56,488 INFO KervDigitalHomePage.class [main] User Submit the Application
2022-10-28 08:47:01,219 INFO KervDigitalHomePage.class [main] Application submission is successful..
2022-10-28 08:51:47,104 INFO KervDigitalHomePage.class [main] Accept only essential cookies
2022-10-28 08:51:47,302 INFO KervDigitalHomePage.class [main] User Clicked On Careers Link
2022-10-28 08:51:48,333 INFO KervDigitalHomePage.class [main] User Clicked On Job Opportunities
2022-10-28 08:51:50,212 INFO KervDigitalHomePage.class [main] User Searches Vacanicies
2022-10-28 08:51:50,441 INFO KervDigitalHomePage.class [main] User Select the Job
2022-10-28 08:51:50,736 INFO KervDigitalHomePage.class [main] User Enter the Details
2022-10-28 08:51:53,415 INFO KervDigitalHomePage.class [main] User Accept the Policies
2022-10-28 08:52:13,435 INFO KervDigitalHomePage.class [main] User Submit the Application
2022-10-28 08:52:16,468 INFO KervDigitalHomePage.class [main] Application submission is successful..
2022-10-28 08:56:19,845 INFO KervDigitalHomePage.class [main] Accept only essential cookies
2022-10-28 08:56:20,040 INFO KervDigitalHomePage.class [main] User Clicked On Careers Link
2022-10-28 08:56:21,055 INFO KervDigitalHomePage.class [main] User Clicked On Job Opportunities
2022-10-28 08:56:21,883 INFO KervDigitalHomePage.class [main] User Searches Vacanicies
2022-10-28 08:56:22,107 INFO KervDigitalHomePage.class [main] User Select the Job
2022-10-28 08:56:22,345 INFO KervDigitalHomePage.class [main] User Enter the Details
2022-10-28 08:56:24,683 INFO KervDigitalHomePage.class [main] User Accept the Policies
2022-10-28 08:56:24,743 INFO KervDigitalHomePage.class [main] User Submit the Application
2022-10-28 08:56:27,570 INFO KervDigitalHomePage.class [main] Application submission is successful..
2022-10-28 08:56:27,636 WARN org.asynchttpclient.netty.handler.WebSocketHandler [AsyncHttpClient-1-4] onError
java.net.SocketException: Connection reset
	at java.base/sun.nio.ch.SocketChannelImpl.throwConnectionReset(SocketChannelImpl.java:367)
	at java.base/sun.nio.ch.SocketChannelImpl.read(SocketChannelImpl.java:398)
	at io.netty.buffer.PooledByteBuf.setBytes(PooledByteBuf.java:258)
	at io.netty.buffer.AbstractByteBuf.writeBytes(AbstractByteBuf.java:1132)
	at io.netty.channel.socket.nio.NioSocketChannel.doReadBytes(NioSocketChannel.java:357)
	at io.netty.channel.nio.AbstractNioByteChannel$NioByteUnsafe.read(AbstractNioByteChannel.java:151)
	at io.netty.channel.nio.NioEventLoop.processSelectedKey(NioEventLoop.java:722)
	at io.netty.channel.nio.NioEventLoop.processSelectedKeysOptimized(NioEventLoop.java:658)
	at io.netty.channel.nio.NioEventLoop.processSelectedKeys(NioEventLoop.java:584)
	at io.netty.channel.nio.NioEventLoop.run(NioEventLoop.java:496)
	at io.netty.util.concurrent.SingleThreadEventExecutor$4.run(SingleThreadEventExecutor.java:997)
	at io.netty.util.internal.ThreadExecutorMap$2.run(ThreadExecutorMap.java:74)
	at io.netty.util.concurrent.FastThreadLocalRunnable.run(FastThreadLocalRunnable.java:30)
	at java.base/java.lang.Thread.run(Thread.java:832)
